Timestamp:2024-08-07 07:38:22.131 +0000 UTC, Content:sql exec: insert into user_presences(user_id, last_seen_at, expires) values (10, 1723016302, 300) on duplicate key update last_seen_at = values(last_seen_at), expires = values(expires), Caller:sqlx/stmt.go:274, Level:info, Trace:39e913f0f2c1af50a71301a9bef3c921
Timestamp:2024-08-07 07:38:33.614 +0000 UTC, Content:user.getMutableUsers - metadata: \u003cnil\u003e, request: id:10  to:10  to:10, Caller:service/user_service_impl.go:85, Level:debug, Trace:2cc6c48d8e9c162155a45bbc7910436b
Timestamp:2024-08-07 07:38:33.614 +0000 UTC, Content:getCacheImmutableUserList - request: {id: [10], contacts: [10 10]}, Caller:dao/user.go:541, Level:info, Trace:2cc6c48d8e9c162155a45bbc7910436b
Timestamp:2024-08-07 07:38:33.616 +0000 UTC, Content:sql query: select id, user_type, access_hash, secret_key_id, first_name, last_name, username, phone, country_code, verified, support, scam, fake, premium, about, state, is_bot, account_days_ttl, photo_id, restricted, restriction_reason, archive_and_mute_new_noncontact_peers, emoji_status_document_id, emoji_status_until, stories_max_id, color, color_background_emoji_id, profile_color, profile_color_background_emoji_id, birthday, deleted, delete_reason from users where id = 10 limit 1, Caller:sqlx/stmt.go:274, Level:info, Trace:2cc6c48d8e9c162155a45bbc7910436b
Timestamp:2024-08-07 07:38:33.616 +0000 UTC, Content:V2: len(1), Caller:core/user.getMutableUsers_handler.go:35, Level:info, Trace:2cc6c48d8e9c162155a45bbc7910436b
Timestamp:2024-08-07 07:38:33.616 +0000 UTC, Content:user.getMutableUsers - reply: , Caller:service/user_service_impl.go:92, Level:debug, Trace:2cc6c48d8e9c162155a45bbc7910436b
Timestamp:2024-08-07 07:38:33.616 +0000 UTC, Content:172.20.0.3:46160 - /user.RPCUser/user_getMutableUsers - {\"id\":[10],\"to\":[10,10]}, Caller:serverinterceptors/statinterceptor.go:90, Level:info, Trace:2cc6c48d8e9c162155a45bbc7910436b
Timestamp:2024-08-07 07:38:35.607 +0000 UTC, Content:user.getMutableUsers - metadata: \u003cnil\u003e, request: id:10  to:10  to:10, Caller:service/user_service_impl.go:85, Level:debug, Trace:b7576c3cfc8a3ff2c133de734d88e407
Timestamp:2024-08-07 07:38:35.607 +0000 UTC, Content:getCacheImmutableUserList - request: {id: [10], contacts: [10 10]}, Caller:dao/user.go:541, Level:info, Trace:b7576c3cfc8a3ff2c133de734d88e407
Timestamp:2024-08-07 07:38:35.609 +0000 UTC, Content:sql query: select id, user_type, access_hash, secret_key_id, first_name, last_name, username, phone, country_code, verified, support, scam, fake, premium, about, state, is_bot, account_days_ttl, photo_id, restricted, restriction_reason, archive_and_mute_new_noncontact_peers, emoji_status_document_id, emoji_status_until, stories_max_id, color, color_background_emoji_id, profile_color, profile_color_background_emoji_id, birthday, deleted, delete_reason from users where id = 10 limit 1, Caller:sqlx/stmt.go:274, Level:info, Trace:b7576c3cfc8a3ff2c133de734d88e407
Timestamp:2024-08-07 07:38:35.609 +0000 UTC, Content:V2: len(1), Caller:core/user.getMutableUsers_handler.go:35, Level:info, Trace:b7576c3cfc8a3ff2c133de734d88e407
Timestamp:2024-08-07 07:38:35.609 +0000 UTC, Content:user.getMutableUsers - reply: , Caller:service/user_service_impl.go:92, Level:debug, Trace:b7576c3cfc8a3ff2c133de734d88e407
Timestamp:2024-08-07 07:38:35.609 +0000 UTC, Content:172.20.0.3:46160 - /user.RPCUser/user_getMutableUsers - {\"id\":[10],\"to\":[10,10]}, Caller:serverinterceptors/statinterceptor.go:90, Level:info, Trace:b7576c3cfc8a3ff2c133de734d88e407
Timestamp:2024-08-07 07:38:37.203 +0000 UTC, Content:user.getMutableUsers - metadata: \u003cnil\u003e, request: id:10  to:10  to:10, Caller:service/user_service_impl.go:85, Level:debug, Trace:e9f8799f5a0c936c2577b3b0f4e1ed21
Timestamp:2024-08-07 07:38:37.203 +0000 UTC, Content:getCacheImmutableUserList - request: {id: [10], contacts: [10 10]}, Caller:dao/user.go:541, Level:info, Trace:e9f8799f5a0c936c2577b3b0f4e1ed21
Timestamp:2024-08-07 07:38:37.205 +0000 UTC, Content:sql query: select id, user_type, access_hash, secret_key_id, first_name, last_name, username, phone, country_code, verified, support, scam, fake, premium, about, state, is_bot, account_days_ttl, photo_id, restricted, restriction_reason, archive_and_mute_new_noncontact_peers, emoji_status_document_id, emoji_status_until, stories_max_id, color, color_background_emoji_id, profile_color, profile_color_background_emoji_id, birthday, deleted, delete_reason from users where id = 10 limit 1, Caller:sqlx/stmt.go:274, Level:info, Trace:e9f8799f5a0c936c2577b3b0f4e1ed21
Timestamp:2024-08-07 07:38:37.206 +0000 UTC, Content:V2: len(1), Caller:core/user.getMutableUsers_handler.go:35, Level:info, Trace:e9f8799f5a0c936c2577b3b0f4e1ed21
Timestamp:2024-08-07 07:38:37.206 +0000 UTC, Content:user.getMutableUsers - reply: , Caller:service/user_service_impl.go:92, Level:debug, Trace:e9f8799f5a0c936c2577b3b0f4e1ed21
Timestamp:2024-08-07 07:38:37.206 +0000 UTC, Content:172.20.0.3:46160 - /user.RPCUser/user_getMutableUsers - {\"id\":[10],\"to\":[10,10]}, Caller:serverinterceptors/statinterceptor.go:90, Level:info, Trace:e9f8799f5a0c936c2577b3b0f4e1ed21
Timestamp:2024-08-07 07:38:42.165 +0000 UTC, Content:user.updateLastSeen - metadata: \u003cnil\u003e, request: id:10  last_seen_at:1723016322, Caller:service/user_service_impl.go:40, Level:debug, Trace:ed1bbc8a11810f2135354bed5c4c475a
Timestamp:2024-08-07 07:38:42.173 +0000 UTC, Content:user.updateLastSeen - reply: predicate_name:\"boolTrue\", Caller:service/user_service_impl.go:47, Level:debug, Trace:ed1bbc8a11810f2135354bed5c4c475a
Timestamp:2024-08-07 07:38:42.174 +0000 UTC, Content:172.20.0.3:33742 - /user.RPCUser/user_updateLastSeen - {\"id\":10,\"last_seen_at\":1723016322}, Caller:serverinterceptors/statinterceptor.go:90, Level:info, Trace:ed1bbc8a11810f2135354bed5c4c475a
Timestamp:2024-08-07 07:38:42.179 +0000 UTC, Content:sql exec: insert into user_presences(user_id, last_seen_at, expires) values (10, 1723016322, 0) on duplicate key update last_seen_at = values(last_seen_at), expires = values(expires), Caller:sqlx/stmt.go:274, Level:info, Trace:ed1bbc8a11810f2135354bed5c4c475a
Timestamp:2024-08-07 07:38:59.337 +0000 UTC, Content:user.getMutableUsersV2 - metadata: \u003cnil\u003e, request: id:10  id:10  privacy:true  has_to:true  to:10, Caller:service/user_service_impl.go:985, Level:debug, Trace:9086e98e2e4c47de34e0971094cdb68f
Timestamp:2024-08-07 07:38:59.338 +0000 UTC, Content:sql query: select id, user_type, access_hash, secret_key_id, first_name, last_name, username, phone, country_code, verified, support, scam, fake, premium, about, state, is_bot, account_days_ttl, photo_id, restricted, restriction_reason, archive_and_mute_new_noncontact_peers, emoji_status_document_id, emoji_status_until, stories_max_id, color, color_background_emoji_id, profile_color, profile_color_background_emoji_id, birthday, deleted, delete_reason from users where id = 10 limit 1, Caller:sqlx/stmt.go:274, Level:info, Trace:9086e98e2e4c47de34e0971094cdb68f
Timestamp:2024-08-07 07:38:59.34 +0000 UTC, Content:sql query: select id, user_type, access_hash, secret_key_id, first_name, last_name, username, phone, country_code, verified, support, scam, fake, premium, about, state, is_bot, account_days_ttl, photo_id, restricted, restriction_reason, archive_and_mute_new_noncontact_peers, emoji_status_document_id, emoji_status_until, stories_max_id, color, color_background_emoji_id, profile_color, profile_color_background_emoji_id, birthday, deleted, delete_reason from users where id = 10 limit 1, Caller:sqlx/stmt.go:274, Level:info, Trace:9086e98e2e4c47de34e0971094cdb68f
Timestamp:2024-08-07 07:38:59.34 +0000 UTC, Content:user.getMutableUsersV2 - reply: predicate_name:\"mutableUsers\", Caller:service/user_service_impl.go:992, Level:debug, Trace:9086e98e2e4c47de34e0971094cdb68f
Timestamp:2024-08-07 07:38:59.34 +0000 UTC, Content:172.20.0.3:33742 - /user.RPCUser/user_getMutableUsersV2 - {\"id\":[10,10],\"privacy\":true,\"has_to\":true,\"to\":[10]}, Caller:serverinterceptors/statinterceptor.go:90, Level:info, Trace:9086e98e2e4c47de34e0971094cdb68f
Timestamp:2024-08-07 07:39:55.029 +0000 UTC, Content:user.updateLastSeen - metadata: \u003cnil\u003e, request: id:10  last_seen_at:1723016395  expires:300, Caller:service/user_service_impl.go:40, Level:debug, Trace:ee0ed38b0447773d3513d649dbfc1556
Timestamp:2024-08-07 07:39:55.042 +0000 UTC, Content:user.updateLastSeen - reply: predicate_name:\"boolTrue\", Caller:service/user_service_impl.go:47, Level:debug, Trace:ee0ed38b0447773d3513d649dbfc1556
Timestamp:2024-08-07 07:39:55.042 +0000 UTC, Content:172.20.0.3:33742 - /user.RPCUser/user_updateLastSeen - {\"id\":10,\"last_seen_at\":1723016395,\"expires\":300}, Caller:serverinterceptors/statinterceptor.go:90, Level:info, Trace:ee0ed38b0447773d3513d649dbfc1556
Timestamp:2024-08-07 07:39:55.05 +0000 UTC, Content:sql exec: insert into user_presences(user_id, last_seen_at, expires) values (10, 1723016395, 300) on duplicate key update last_seen_at = values(last_seen_at), expires = values(expires), Caller:sqlx/stmt.go:274, Level:info, Trace:ee0ed38b0447773d3513d649dbfc1556
Timestamp:2024-08-07 07:39:58.715 +0000 UTC, Content:user.getMutableUsers - metadata: \u003cnil\u003e, request: id:10  to:10  to:10, Caller:service/user_service_impl.go:85, Level:debug, Trace:cc868f12f19f368cf6c5a83ff710a1dd
Timestamp:2024-08-07 07:39:58.715 +0000 UTC, Content:getCacheImmutableUserList - request: {id: [10], contacts: [10 10]}, Caller:dao/user.go:541, Level:info, Trace:cc868f12f19f368cf6c5a83ff710a1dd
Timestamp:2024-08-07 07:39:58.719 +0000 UTC, Content:sql query: select id, user_type, access_hash, secret_key_id, first_name, last_name, username, phone, country_code, verified, support, scam, fake, premium, about, state, is_bot, account_days_ttl, photo_id, restricted, restriction_reason, archive_and_mute_new_noncontact_peers, emoji_status_document_id, emoji_status_until, stories_max_id, color, color_background_emoji_id, profile_color, profile_color_background_emoji_id, birthday, deleted, delete_reason from users where id = 10 limit 1, Caller:sqlx/stmt.go:274, Level:info, Trace:cc868f12f19f368cf6c5a83ff710a1dd
Timestamp:2024-08-07 07:39:58.719 +0000 UTC, Content:V2: len(1), Caller:core/user.getMutableUsers_handler.go:35, Level:info, Trace:cc868f12f19f368cf6c5a83ff710a1dd
Timestamp:2024-08-07 07:39:58.719 +0000 UTC, Content:user.getMutableUsers - reply: , Caller:service/user_service_impl.go:92, Level:debug, Trace:cc868f12f19f368cf6c5a83ff710a1dd
Timestamp:2024-08-07 07:39:58.719 +0000 UTC, Content:172.20.0.3:46160 - /user.RPCUser/user_getMutableUsers - {\"id\":[10],\"to\":[10,10]}, Caller:serverinterceptors/statinterceptor.go:90, Level:info, Trace:cc868f12f19f368cf6c5a83ff710a1dd
Timestamp:2024-08-07 07:40:02.862 +0000 UTC, Content:sql query: select id, user_type, access_hash, secret_key_id, first_name, last_name, username, phone, country_code, verified, support, scam, fake, premium, about, state, is_bot, account_days_ttl, photo_id, restricted, restriction_reason, archive_and_mute_new_noncontact_peers, emoji_status_document_id, emoji_status_until, stories_max_id, color, color_background_emoji_id, profile_color, profile_color_background_emoji_id, birthday, deleted, delete_reason from users where id = 10 limit 1, Caller:sqlx/stmt.go:274, Level:info, Trace:3fbd3b0c7c2a13b8fc8f98275debd29b
Timestamp:2024-08-07 07:40:02.862 +0000 UTC, Content:V2: len(1), Caller:core/user.getMutableUsers_handler.go:35, Level:info, Trace:3fbd3b0c7c2a13b8fc8f98275debd29b
Timestamp:2024-08-07 07:40:02.862 +0000 UTC, Content:user.getMutableUsers - reply: , Caller:service/user_service_impl.go:92, Level:debug, Trace:3fbd3b0c7c2a13b8fc8f98275debd29b
Timestamp:2024-08-07 07:40:02.862 +0000 UTC, Content:172.20.0.3:46160 - /user.RPCUser/user_getMutableUsers - {\"id\":[10],\"to\":[10,10]}, Caller:serverinterceptors/statinterceptor.go:90, Level:info, Trace:3fbd3b0c7c2a13b8fc8f98275debd29b
Timestamp:2024-08-07 07:40:18.78 +0000 UTC, Content:user.updateLastSeen - reply: predicate_name:\"boolTrue\", Caller:service/user_service_impl.go:47, Level:debug, Trace:f2f4620fd253d3031b09e1b5f04b120d
Timestamp:2024-08-07 07:40:18.781 +0000 UTC, Content:172.20.0.3:33742 - /user.RPCUser/user_updateLastSeen - {\"id\":10,\"last_seen_at\":1723016418}, Caller:serverinterceptors/statinterceptor.go:90, Level:info, Trace:f2f4620fd253d3031b09e1b5f04b120d
Timestamp:2024-08-07 07:40:18.79 +0000 UTC, Content:sql exec: insert into user_presences(user_id, last_seen_at, expires) values (10, 1723016418, 0) on duplicate key update last_seen_at = values(last_seen_at), expires = values(expires), Caller:sqlx/stmt.go:274, Level:info, Trace:f2f4620fd253d3031b09e1b5f04b120d
Timestamp:2024-08-07 07:40:54.468 +0000 UTC, Content:user.updateLastSeen - reply: predicate_name:\"boolTrue\", Caller:service/user_service_impl.go:47, Level:debug, Trace:72394ce2bf80649a79090873d197830b
Timestamp:2024-08-07 07:40:54.469 +0000 UTC, Content:172.20.0.3:33742 - /user.RPCUser/user_updateLastSeen - {\"id\":10,\"last_seen_at\":1723016454,\"expires\":300}, Caller:serverinterceptors/statinterceptor.go:90, Level:info, Trace:72394ce2bf80649a79090873d197830b
Timestamp:2024-08-07 07:40:54.479 +0000 UTC, Content:sql exec: insert into user_presences(user_id, last_seen_at, expires) values (10, 1723016454, 300) on duplicate key update last_seen_at = values(last_seen_at), expires = values(expires), Caller:sqlx/stmt.go:274, Level:info, Trace:72394ce2bf80649a79090873d197830b
Timestamp:2024-08-07 07:40:55.847 +0000 UTC, Content:user.getMutableUsers - metadata: \u003cnil\u003e, request: id:10  to:10  to:10, Caller:service/user_service_impl.go:85, Level:debug, Trace:52054fe159020d391581dfe0874c6630
Timestamp:2024-08-07 07:40:55.847 +0000 UTC, Content:getCacheImmutableUserList - request: {id: [10], contacts: [10 10]}, Caller:dao/user.go:541, Level:info, Trace:52054fe159020d391581dfe0874c6630
Timestamp:2024-08-07 07:40:55.849 +0000 UTC, Content:sql query: select id, user_type, access_hash, secret_key_id, first_name, last_name, username, phone, country_code, verified, support, scam, fake, premium, about, state, is_bot, account_days_ttl, photo_id, restricted, restriction_reason, archive_and_mute_new_noncontact_peers, emoji_status_document_id, emoji_status_until, stories_max_id, color, color_background_emoji_id, profile_color, profile_color_background_emoji_id, birthday, deleted, delete_reason from users where id = 10 limit 1, Caller:sqlx/stmt.go:274, Level:info, Trace:52054fe159020d391581dfe0874c6630
Timestamp:2024-08-07 07:40:55.849 +0000 UTC, Content:V2: len(1), Caller:core/user.getMutableUsers_handler.go:35, Level:info, Trace:52054fe159020d391581dfe0874c6630
Timestamp:2024-08-07 07:40:55.849 +0000 UTC, Content:user.getMutableUsers - reply: , Caller:service/user_service_impl.go:92, Level:debug, Trace:52054fe159020d391581dfe0874c6630
Timestamp:2024-08-07 07:40:55.849 +0000 UTC, Content:172.20.0.3:46160 - /user.RPCUser/user_getMutableUsers - {\"id\":[10],\"to\":[10,10]}, Caller:serverinterceptors/statinterceptor.go:90, Level:info, Trace:52054fe159020d391581dfe0874c6630
Timestamp:2024-08-07 07:41:31.315 +0000 UTC, Content:user.updateLastSeen - metadata: \u003cnil\u003e, request: id:10  last_seen_at:1723016491, Caller:service/user_service_impl.go:40, Level:debug, Trace:a58e3470c63cda1f3b4e482c171512a8
Timestamp:2024-08-07 07:41:31.321 +0000 UTC, Content:user.updateLastSeen - reply: predicate_name:\"boolTrue\", Caller:service/user_service_impl.go:47, Level:debug, Trace:a58e3470c63cda1f3b4e482c171512a8
Timestamp:2024-08-07 07:41:31.321 +0000 UTC, Content:172.20.0.3:33742 - /user.RPCUser/user_updateLastSeen - {\"id\":10,\"last_seen_at\":1723016491}, Caller:serverinterceptors/statinterceptor.go:90, Level:info, Trace:a58e3470c63cda1f3b4e482c171512a8
Timestamp:2024-08-07 07:41:31.343 +0000 UTC, Content:sql exec: insert into user_presences(user_id, last_seen_at, expires) values (10, 1723016491, 0) on duplicate key update last_seen_at = values(last_seen_at), expires = values(expires), Caller:sqlx/stmt.go:274, Level:info, Trace:a58e3470c63cda1f3b4e482c171512a8
Timestamp:2024-08-07 07:42:15.603 +0000 UTC, Content:sql exec: insert into user_presences(user_id, last_seen_at, expires) values (10, 1723016535, 300) on duplicate key update last_seen_at = values(last_seen_at), expires = values(expires), Caller:sqlx/stmt.go:274, Level:info, Trace:3f03db7e2a37a8b02435d1576af21b54
Timestamp:2024-08-07 07:42:16.485 +0000 UTC, Content:user.updateLastSeen - metadata: \u003cnil\u003e, request: id:10  last_seen_at:1723016536, Caller:service/user_service_impl.go:40, Level:debug, Trace:7cf253e0ee2ddfc55a5108521ec3e182
Timestamp:2024-08-07 07:42:16.495 +0000 UTC, Content:user.updateLastSeen - reply: predicate_name:\"boolTrue\", Caller:service/user_service_impl.go:47, Level:debug, Trace:7cf253e0ee2ddfc55a5108521ec3e182
