Timestamp:2024-08-07 07:37:19.305 +0000 UTC, Content:user.updateLastSeen - metadata: \u003cnil\u003e, request: id:10  last_seen_at:1723016239  expires:300, Caller:service/user_service_impl.go:40, Level:debug, Trace:e4bd6763c21fe8cc085c13873b8b6498
Timestamp:2024-08-07 07:37:19.311 +0000 UTC, Content:user.updateLastSeen - reply: predicate_name:\"boolTrue\", Caller:service/user_service_impl.go:47, Level:debug, Trace:e4bd6763c21fe8cc085c13873b8b6498
Timestamp:2024-08-07 07:37:19.312 +0000 UTC, Content:172.20.0.3:33742 - /user.RPCUser/user_updateLastSeen - {\"id\":10,\"last_seen_at\":1723016239,\"expires\":300}, Caller:serverinterceptors/statinterceptor.go:90, Level:info, Trace:e4bd6763c21fe8cc085c13873b8b6498
Timestamp:2024-08-07 07:37:19.319 +0000 UTC, Content:sql exec: insert into user_presences(user_id, last_seen_at, expires) values (10, 1723016239, 300) on duplicate key update last_seen_at = values(last_seen_at), expires = values(expires), Caller:sqlx/stmt.go:274, Level:info, Trace:e4bd6763c21fe8cc085c13873b8b6498
Timestamp:2024-08-07 07:37:25.329 +0000 UTC, Content:user.getMutableUsers - metadata: \u003cnil\u003e, request: id:10  to:10  to:10, Caller:service/user_service_impl.go:85, Level:debug, Trace:d8aee2fa14afaf3ffd7e8b8280fde373
Timestamp:2024-08-07 07:37:25.329 +0000 UTC, Content:getCacheImmutableUserList - request: {id: [10], contacts: [10 10]}, Caller:dao/user.go:541, Level:info, Trace:d8aee2fa14afaf3ffd7e8b8280fde373
Timestamp:2024-08-07 07:37:25.334 +0000 UTC, Content:sql query: select id, user_type, access_hash, secret_key_id, first_name, last_name, username, phone, country_code, verified, support, scam, fake, premium, about, state, is_bot, account_days_ttl, photo_id, restricted, restriction_reason, archive_and_mute_new_noncontact_peers, emoji_status_document_id, emoji_status_until, stories_max_id, color, color_background_emoji_id, profile_color, profile_color_background_emoji_id, birthday, deleted, delete_reason from users where id = 10 limit 1, Caller:sqlx/stmt.go:274, Level:info, Trace:d8aee2fa14afaf3ffd7e8b8280fde373
Timestamp:2024-08-07 07:37:25.334 +0000 UTC, Content:V2: len(1), Caller:core/user.getMutableUsers_handler.go:35, Level:info, Trace:d8aee2fa14afaf3ffd7e8b8280fde373
Timestamp:2024-08-07 07:37:25.334 +0000 UTC, Content:user.getMutableUsers - reply: , Caller:service/user_service_impl.go:92, Level:debug, Trace:d8aee2fa14afaf3ffd7e8b8280fde373
Timestamp:2024-08-07 07:37:25.334 +0000 UTC, Content:172.20.0.3:46160 - /user.RPCUser/user_getMutableUsers - {\"id\":[10],\"to\":[10,10]}, Caller:serverinterceptors/statinterceptor.go:90, Level:info, Trace:d8aee2fa14afaf3ffd7e8b8280fde373
Timestamp:2024-08-07 07:37:29.546 +0000 UTC, Content:user.getMutableUsers - metadata: \u003cnil\u003e, request: id:10  to:10  to:10, Caller:service/user_service_impl.go:85, Level:debug, Trace:ae1c9b3099ac16072880b7c8bf66446f
Timestamp:2024-08-07 07:37:29.547 +0000 UTC, Content:getCacheImmutableUserList - request: {id: [10], contacts: [10 10]}, Caller:dao/user.go:541, Level:info, Trace:ae1c9b3099ac16072880b7c8bf66446f
Timestamp:2024-08-07 07:37:29.55 +0000 UTC, Content:sql query: select id, user_type, access_hash, secret_key_id, first_name, last_name, username, phone, country_code, verified, support, scam, fake, premium, about, state, is_bot, account_days_ttl, photo_id, restricted, restriction_reason, archive_and_mute_new_noncontact_peers, emoji_status_document_id, emoji_status_until, stories_max_id, color, color_background_emoji_id, profile_color, profile_color_background_emoji_id, birthday, deleted, delete_reason from users where id = 10 limit 1, Caller:sqlx/stmt.go:274, Level:info, Trace:ae1c9b3099ac16072880b7c8bf66446f
Timestamp:2024-08-07 07:37:29.55 +0000 UTC, Content:V2: len(1), Caller:core/user.getMutableUsers_handler.go:35, Level:info, Trace:ae1c9b3099ac16072880b7c8bf66446f
Timestamp:2024-08-07 07:37:29.55 +0000 UTC, Content:user.getMutableUsers - reply: , Caller:service/user_service_impl.go:92, Level:debug, Trace:ae1c9b3099ac16072880b7c8bf66446f
Timestamp:2024-08-07 07:37:29.55 +0000 UTC, Content:172.20.0.3:46160 - /user.RPCUser/user_getMutableUsers - {\"id\":[10],\"to\":[10,10]}, Caller:serverinterceptors/statinterceptor.go:90, Level:info, Trace:ae1c9b3099ac16072880b7c8bf66446f
Timestamp:2024-08-07 07:37:31.948 +0000 UTC, Content:sql query: select id, user_type, access_hash, secret_key_id, first_name, last_name, username, phone, country_code, verified, support, scam, fake, premium, about, state, is_bot, account_days_ttl, photo_id, restricted, restriction_reason, archive_and_mute_new_noncontact_peers, emoji_status_document_id, emoji_status_until, stories_max_id, color, color_background_emoji_id, profile_color, profile_color_background_emoji_id, birthday, deleted, delete_reason from users where id = 10 limit 1, Caller:sqlx/stmt.go:274, Level:info, Trace:d88e313ffdeee7d8e67cf1806c2e9858
Timestamp:2024-08-07 07:37:31.949 +0000 UTC, Content:V2: len(1), Caller:core/user.getMutableUsers_handler.go:35, Level:info, Trace:d88e313ffdeee7d8e67cf1806c2e9858
Timestamp:2024-08-07 07:37:31.949 +0000 UTC, Content:user.getMutableUsers - reply: , Caller:service/user_service_impl.go:92, Level:debug, Trace:d88e313ffdeee7d8e67cf1806c2e9858
Timestamp:2024-08-07 07:37:31.949 +0000 UTC, Content:172.20.0.3:46160 - /user.RPCUser/user_getMutableUsers - {\"id\":[10],\"to\":[10,10]}, Caller:serverinterceptors/statinterceptor.go:90, Level:info, Trace:d88e313ffdeee7d8e67cf1806c2e9858
Timestamp:2024-08-07 07:37:34.013 +0000 UTC, Content:user.getMutableUsers - metadata: \u003cnil\u003e, request: id:10  to:10  to:10, Caller:service/user_service_impl.go:85, Level:debug, Trace:de2b22fdfd6a35da6bf1bac8a6123d44
Timestamp:2024-08-07 07:37:34.013 +0000 UTC, Content:getCacheImmutableUserList - request: {id: [10], contacts: [10 10]}, Caller:dao/user.go:541, Level:info, Trace:de2b22fdfd6a35da6bf1bac8a6123d44
Timestamp:2024-08-07 07:37:34.015 +0000 UTC, Content:sql query: select id, user_type, access_hash, secret_key_id, first_name, last_name, username, phone, country_code, verified, support, scam, fake, premium, about, state, is_bot, account_days_ttl, photo_id, restricted, restriction_reason, archive_and_mute_new_noncontact_peers, emoji_status_document_id, emoji_status_until, stories_max_id, color, color_background_emoji_id, profile_color, profile_color_background_emoji_id, birthday, deleted, delete_reason from users where id = 10 limit 1, Caller:sqlx/stmt.go:274, Level:info, Trace:de2b22fdfd6a35da6bf1bac8a6123d44
Timestamp:2024-08-07 07:37:34.016 +0000 UTC, Content:V2: len(1), Caller:core/user.getMutableUsers_handler.go:35, Level:info, Trace:de2b22fdfd6a35da6bf1bac8a6123d44
Timestamp:2024-08-07 07:37:34.016 +0000 UTC, Content:user.getMutableUsers - reply: , Caller:service/user_service_impl.go:92, Level:debug, Trace:de2b22fdfd6a35da6bf1bac8a6123d44
Timestamp:2024-08-07 07:37:34.016 +0000 UTC, Content:172.20.0.3:46160 - /user.RPCUser/user_getMutableUsers - {\"id\":[10],\"to\":[10,10]}, Caller:serverinterceptors/statinterceptor.go:90, Level:info, Trace:de2b22fdfd6a35da6bf1bac8a6123d44
Timestamp:2024-08-07 07:37:36.4 +0000 UTC, Content:user.getMutableUsers - metadata: \u003cnil\u003e, request: id:10  to:10  to:10, Caller:service/user_service_impl.go:85, Level:debug, Trace:690ca045232f6534cbb599c6761e5be7
Timestamp:2024-08-07 07:37:36.401 +0000 UTC, Content:getCacheImmutableUserList - request: {id: [10], contacts: [10 10]}, Caller:dao/user.go:541, Level:info, Trace:690ca045232f6534cbb599c6761e5be7
Timestamp:2024-08-07 07:37:36.403 +0000 UTC, Content:sql query: select id, user_type, access_hash, secret_key_id, first_name, last_name, username, phone, country_code, verified, support, scam, fake, premium, about, state, is_bot, account_days_ttl, photo_id, restricted, restriction_reason, archive_and_mute_new_noncontact_peers, emoji_status_document_id, emoji_status_until, stories_max_id, color, color_background_emoji_id, profile_color, profile_color_background_emoji_id, birthday, deleted, delete_reason from users where id = 10 limit 1, Caller:sqlx/stmt.go:274, Level:info, Trace:690ca045232f6534cbb599c6761e5be7
Timestamp:2024-08-07 07:37:36.405 +0000 UTC, Content:V2: len(1), Caller:core/user.getMutableUsers_handler.go:35, Level:info, Trace:690ca045232f6534cbb599c6761e5be7
Timestamp:2024-08-07 07:37:36.405 +0000 UTC, Content:user.getMutableUsers - reply: , Caller:service/user_service_impl.go:92, Level:debug, Trace:690ca045232f6534cbb599c6761e5be7
Timestamp:2024-08-07 07:37:36.405 +0000 UTC, Content:172.20.0.3:46160 - /user.RPCUser/user_getMutableUsers - {\"id\":[10],\"to\":[10,10]}, Caller:serverinterceptors/statinterceptor.go:90, Level:info, Trace:690ca045232f6534cbb599c6761e5be7
Timestamp:2024-08-07 07:37:38.621 +0000 UTC, Content:user.updateLastSeen - metadata: \u003cnil\u003e, request: id:10  last_seen_at:1723016258, Caller:service/user_service_impl.go:40, Level:debug, Trace:01a4c6100ed515be038540c4074f657b
Timestamp:2024-08-07 07:37:38.633 +0000 UTC, Content:user.updateLastSeen - reply: predicate_name:\"boolTrue\", Caller:service/user_service_impl.go:47, Level:debug, Trace:01a4c6100ed515be038540c4074f657b
Timestamp:2024-08-07 07:37:38.633 +0000 UTC, Content:172.20.0.3:33742 - /user.RPCUser/user_updateLastSeen - {\"id\":10,\"last_seen_at\":1723016258}, Caller:serverinterceptors/statinterceptor.go:90, Level:info, Trace:01a4c6100ed515be038540c4074f657b
Timestamp:2024-08-07 07:37:38.639 +0000 UTC, Content:sql exec: insert into user_presences(user_id, last_seen_at, expires) values (10, 1723016258, 0) on duplicate key update last_seen_at = values(last_seen_at), expires = values(expires), Caller:sqlx/stmt.go:274, Level:info, Trace:01a4c6100ed515be038540c4074f657b
